Checking formula It is possible to reach state EGF < 50
Minimum time: 1000.
Maximum time: 10000000
Time scale: Property['time scale factor' = 1600.0]
	UPPAAL analysis of /tmp/ANIMO2586806791270812661.xml(Exception trying to reset marker: java.io.IOException: Mark invalid)
java.io.IOException: Mark invalid
	at java.io.BufferedReader.reset(BufferedReader.java:512)
	at animo.core.analyser.uppaal.UppaalModelAnalyserSMC$VariablesInterpreterConcrete.analyseSMC(UppaalModelAnalyserSMC.java:796)
	at animo.core.analyser.uppaal.UppaalModelAnalyserSMC$1.run(UppaalModelAnalyserSMC.java:235)
Eccezione java.lang.Exception: Unable to understand UPPAAL SMC output: null

java.lang.Exception: Unable to understand UPPAAL SMC output: null

	at animo.core.analyser.uppaal.UppaalModelAnalyserSMC$VariablesInterpreterConcrete.analyseSMC(UppaalModelAnalyserSMC.java:802)
	at animo.core.analyser.uppaal.UppaalModelAnalyserSMC$1.run(UppaalModelAnalyserSMC.java:235)
animo.core.analyser.AnalysisException: Error during analysis
	at animo.core.analyser.uppaal.UppaalModelAnalyserSMC.analyzeSMC(UppaalModelAnalyserSMC.java:341)
	at animo.cytoscape.ModelCheckAction$RunTask.performModelChecking(ModelCheckAction.java:64)
	at animo.cytoscape.ModelCheckAction$RunTask.run(ModelCheckAction.java:115)
	at org.cytoscape.work.internal.task.JDialogTaskManager$TaskRunnable.innerRun(JDialogTaskManager.java:326)
	at org.cytoscape.work.internal.task.JDialogTaskManager$TaskRunnable.run(JDialogTaskManager.java:355)
	at java.util.concurrent.Executors$RunnableAdapter.call(Executors.java:511)
	at java.util.concurrent.FutureTask.run(FutureTask.java:266)
	at java.util.concurrent.ThreadPoolExecutor.runWorker(ThreadPoolExecutor.java:1142)
	at java.util.concurrent.ThreadPoolExecutor$Worker.run(ThreadPoolExecutor.java:617)
	at java.lang.Thread.run(Thread.java:745)
Caused by: animo.core.analyser.AnalysisException: Error during analysis
	at animo.core.analyser.uppaal.UppaalModelAnalyserSMC.analyzeSMC(UppaalModelAnalyserSMC.java:301)
	... 9 more
Caused by: java.lang.Exception: Unable to understand UPPAAL SMC output: null

	at animo.core.analyser.uppaal.UppaalModelAnalyserSMC$VariablesInterpreterConcrete.analyseSMC(UppaalModelAnalyserSMC.java:802)
	at animo.core.analyser.uppaal.UppaalModelAnalyserSMC$1.run(UppaalModelAnalyserSMC.java:235)
Time taken: 0 days, 0 hours, 0 minutes, 10 seconds
